Apple LLVM version 8.0.0 (clang-800.0.42.1)
Target: x86_64-apple-darwin16.4.0
Thread model: posix
InstalledDir: /Library/Developer/CommandLineTools/usr/bin
 "/Library/Developer/CommandLineTools/usr/bin/clang" -cc1 -triple x86_64-apple-macosx10.12.0 -Wdeprecated-objc-isa-usage -Werror=deprecated-objc-isa-usage -emit-obj -disable-free -disable-llvm-verifier -discard-value-names -main-file-name iri_index_test.cpp -mrelocation-model pic -pic-level 2 -mthread-model posix -mdisable-fp-elim -masm-verbose -munwind-tables -target-cpu penryn -target-linker-version 274.2 -v -dwarf-column-info -debugger-tuning=lldb -resource-dir /Library/Developer/CommandLineTools/usr/bin/../lib/clang/8.0.0 -D NDEBUG -I /Users/jiangwei/include -stdlib=libc++ -O3 -std=c++11 -fdeprecated-macro -fdebug-compilation-dir /Users/jiangwei/Workspace/cayley-backend/test -ferror-limit 19 -fmessage-length 0 -stack-protector 1 -fblocks -fobjc-runtime=macosx-10.12.0 -fencode-extended-block-signature -fcxx-exceptions -fexceptions -fmax-type-align=16 -fdiagnostics-show-option -vectorize-loops -vectorize-slp -o /var/folders/vz/f6lm0vg96_jfz_tvznnl1byr0000gn/T/iri_index_test-1248c3.o -x c++ iri_index_test.cpp
clang -cc1 version 8.0.0 (clang-800.0.42.1) default target x86_64-apple-darwin16.4.0
ignoring nonexistent directory "/usr/include/c++/v1"
#include "..." search starts here:
#include <...> search starts here:
 /Users/jiangwei/include
 /Library/Developer/CommandLineTools/usr/bin/../include/c++/v1
 /usr/local/include
 /Library/Developer/CommandLineTools/usr/bin/../lib/clang/8.0.0/include
 /Library/Developer/CommandLineTools/usr/include
 /usr/include
 /System/Library/Frameworks (framework directory)
 /Library/Frameworks (framework directory)
End of search list.
 "/Library/Developer/CommandLineTools/usr/bin/ld" -demangle -dynamic -arch x86_64 -macosx_version_min 10.12.0 -o iri_index_test -L/Users/jiangwei/lib /var/folders/vz/f6lm0vg96_jfz_tvznnl1byr0000gn/T/iri_index_test-1248c3.o -lsdsl -ldivsufsort -ldivsufsort64 -lc++ -lSystem /Library/Developer/CommandLineTools/usr/bin/../lib/clang/8.0.0/lib/darwin/libclang_rt.osx.a
Apple LLVM version 8.0.0 (clang-800.0.42.1)
Target: x86_64-apple-darwin16.4.0
Thread model: posix
InstalledDir: /Library/Developer/CommandLineTools/usr/bin
 "/Library/Developer/CommandLineTools/usr/bin/clang" -cc1 -triple x86_64-apple-macosx10.12.0 -Wdeprecated-objc-isa-usage -Werror=deprecated-objc-isa-usage -emit-obj -disable-free -disable-llvm-verifier -discard-value-names -main-file-name test.cpp -mrelocation-model pic -pic-level 2 -mthread-model posix -mdisable-fp-elim -masm-verbose -munwind-tables -target-cpu penryn -target-linker-version 274.2 -v -dwarf-column-info -debugger-tuning=lldb -resource-dir /Library/Developer/CommandLineTools/usr/bin/../lib/clang/8.0.0 -D NDEBUG -I /Users/jiangwei/include -stdlib=libc++ -O3 -std=c++11 -fdeprecated-macro -fdebug-compilation-dir /Users/jiangwei/Workspace/cayley-backend/test -ferror-limit 19 -fmessage-length 0 -stack-protector 1 -fblocks -fobjc-runtime=macosx-10.12.0 -fencode-extended-block-signature -fcxx-exceptions -fexceptions -fmax-type-align=16 -fdiagnostics-show-option -vectorize-loops -vectorize-slp -o /var/folders/vz/f6lm0vg96_jfz_tvznnl1byr0000gn/T/test-dd883c.o -x c++ test.cpp
clang -cc1 version 8.0.0 (clang-800.0.42.1) default target x86_64-apple-darwin16.4.0
ignoring nonexistent directory "/usr/include/c++/v1"
#include "..." search starts here:
#include <...> search starts here:
 /Users/jiangwei/include
 /Library/Developer/CommandLineTools/usr/bin/../include/c++/v1
 /usr/local/include
 /Library/Developer/CommandLineTools/usr/bin/../lib/clang/8.0.0/include
 /Library/Developer/CommandLineTools/usr/include
 /usr/include
 /System/Library/Frameworks (framework directory)
 /Library/Frameworks (framework directory)
End of search list.
 "/Library/Developer/CommandLineTools/usr/bin/ld" -demangle -dynamic -arch x86_64 -macosx_version_min 10.12.0 -o test -L/Users/jiangwei/lib /var/folders/vz/f6lm0vg96_jfz_tvznnl1byr0000gn/T/test-dd883c.o -lsdsl -ldivsufsort -ldivsufsort64 -lc++ -lSystem /Library/Developer/CommandLineTools/usr/bin/../lib/clang/8.0.0/lib/darwin/libclang_rt.osx.a
Apple LLVM version 8.0.0 (clang-800.0.42.1)
Target: x86_64-apple-darwin16.4.0
Thread model: posix
InstalledDir: /Library/Developer/CommandLineTools/usr/bin
 "/Library/Developer/CommandLineTools/usr/bin/clang" -cc1 -triple x86_64-apple-macosx10.12.0 -Wdeprecated-objc-isa-usage -Werror=deprecated-objc-isa-usage -emit-obj -mrelax-all -disable-free -disable-llvm-verifier -discard-value-names -main-file-name block_test.cpp -mrelocation-model pic -pic-level 2 -mthread-model posix -mdisable-fp-elim -masm-verbose -munwind-tables -target-cpu penryn -target-linker-version 274.2 -v -dwarf-column-info -debug-info-kind=standalone -dwarf-version=2 -debugger-tuning=lldb -resource-dir /Library/Developer/CommandLineTools/usr/bin/../lib/clang/8.0.0 -D NDEBUG -I /Users/jiangwei/include -stdlib=libc++ -std=c++11 -fdeprecated-macro -fdebug-compilation-dir /Users/jiangwei/Workspace/cayley-backend/test -ferror-limit 19 -fmessage-length 0 -stack-protector 1 -fblocks -fobjc-runtime=macosx-10.12.0 -fencode-extended-block-signature -fcxx-exceptions -fexceptions -fmax-type-align=16 -fdiagnostics-show-option -o /var/folders/vz/f6lm0vg96_jfz_tvznnl1byr0000gn/T/block_test-5cdb04.o -x c++ block_test.cpp
clang -cc1 version 8.0.0 (clang-800.0.42.1) default target x86_64-apple-darwin16.4.0
ignoring nonexistent directory "/usr/include/c++/v1"
#include "..." search starts here:
#include <...> search starts here:
 /Users/jiangwei/include
 /Library/Developer/CommandLineTools/usr/bin/../include/c++/v1
 /usr/local/include
 /Library/Developer/CommandLineTools/usr/bin/../lib/clang/8.0.0/include
 /Library/Developer/CommandLineTools/usr/include
 /usr/include
 /System/Library/Frameworks (framework directory)
 /Library/Frameworks (framework directory)
End of search list.
In file included from block_test.cpp:1:
./../src/db/block.h:46:15: error: use of undeclared identifier 'test'
        friend class test::BlockTest;
                     ^
block_test.cpp:24:28: error: 'row_data_offset_' is a private member of 'db::Block'
                        std::cout << p_block_2->row_data_offset_[i] << " |";
                                                ^
./../src/db/block.h:71:14: note: declared private here
        uint64_t    row_data_offset_[1];
                    ^
2 errors generated.
 "/Library/Developer/CommandLineTools/usr/bin/clang" -cc1 -triple x86_64-apple-macosx10.12.0 -Wdeprecated-objc-isa-usage -Werror=deprecated-objc-isa-usage -emit-obj -mrelax-all -disable-free -disable-llvm-verifier -discard-value-names -main-file-name block.cpp -mrelocation-model pic -pic-level 2 -mthread-model posix -mdisable-fp-elim -masm-verbose -munwind-tables -target-cpu penryn -target-linker-version 274.2 -v -dwarf-column-info -debug-info-kind=standalone -dwarf-version=2 -debugger-tuning=lldb -resource-dir /Library/Developer/CommandLineTools/usr/bin/../lib/clang/8.0.0 -D NDEBUG -I /Users/jiangwei/include -stdlib=libc++ -std=c++11 -fdeprecated-macro -fdebug-compilation-dir /Users/jiangwei/Workspace/cayley-backend/test -ferror-limit 19 -fmessage-length 0 -stack-protector 1 -fblocks -fobjc-runtime=macosx-10.12.0 -fencode-extended-block-signature -fcxx-exceptions -fexceptions -fmax-type-align=16 -fdiagnostics-show-option -o /var/folders/vz/f6lm0vg96_jfz_tvznnl1byr0000gn/T/block-c8d0a5.o -x c++ ../src/db/block.cpp
clang -cc1 version 8.0.0 (clang-800.0.42.1) default target x86_64-apple-darwin16.4.0
ignoring nonexistent directory "/usr/include/c++/v1"
#include "..." search starts here:
#include <...> search starts here:
 /Users/jiangwei/include
 /Library/Developer/CommandLineTools/usr/bin/../include/c++/v1
 /usr/local/include
 /Library/Developer/CommandLineTools/usr/bin/../lib/clang/8.0.0/include
 /Library/Developer/CommandLineTools/usr/include
 /usr/include
 /System/Library/Frameworks (framework directory)
 /Library/Frameworks (framework directory)
End of search list.
In file included from ../src/db/block.cpp:1:
../src/db/block.h:46:15: error: use of undeclared identifier 'test'
        friend class test::BlockTest;
                     ^
../src/db/block.cpp:50:11: error: 'row_count' is a private member of 'db::Block'
        p_block->row_count(offset_list.size());
        ~~~~~~~~~^~~~~~~~~
../src/db/block.h:64:7: note: declared private here
        void row_count(uint64_t row_count) { block_header_.row_count_ = row_count; }            
             ^
../src/db/block.cpp:71:20: warning: format specifies type 'int' but the argument has type 'long long' [-Wformat]
        LOG("file len %d",len); 
                      ~~  ^~~
                      %lld
../src/db/../utils/tiny_log.hpp:8:17: note: expanded from macro 'LOG'
        fprintf(stderr,__VA_ARGS__); \
                       ^~~~~~~~~~~
1 warning and 2 errors generated.
Apple LLVM version 8.0.0 (clang-800.0.42.1)
Target: x86_64-apple-darwin16.4.0
Thread model: posix
InstalledDir: /Library/Developer/CommandLineTools/usr/bin
 "/Library/Developer/CommandLineTools/usr/bin/clang" -cc1 -triple x86_64-apple-macosx10.12.0 -Wdeprecated-objc-isa-usage -Werror=deprecated-objc-isa-usage -emit-obj -mrelax-all -disable-free -disable-llvm-verifier -discard-value-names -main-file-name block_index_test.cpp -mrelocation-model pic -pic-level 2 -mthread-model posix -mdisable-fp-elim -masm-verbose -munwind-tables -target-cpu penryn -target-linker-version 274.2 -v -dwarf-column-info -debug-info-kind=standalone -dwarf-version=2 -debugger-tuning=lldb -resource-dir /Library/Developer/CommandLineTools/usr/bin/../lib/clang/8.0.0 -D NDEBUG -I /Users/jiangwei/include -stdlib=libc++ -std=c++11 -fdeprecated-macro -fdebug-compilation-dir /Users/jiangwei/Workspace/cayley-backend/test -ferror-limit 19 -fmessage-length 0 -stack-protector 1 -fblocks -fobjc-runtime=macosx-10.12.0 -fencode-extended-block-signature -fcxx-exceptions -fexceptions -fmax-type-align=16 -fdiagnostics-show-option -o /var/folders/vz/f6lm0vg96_jfz_tvznnl1byr0000gn/T/block_index_test-d52020.o -x c++ block_index_test.cpp
clang -cc1 version 8.0.0 (clang-800.0.42.1) default target x86_64-apple-darwin16.4.0
ignoring nonexistent directory "/usr/include/c++/v1"
#include "..." search starts here:
#include <...> search starts here:
 /Users/jiangwei/include
 /Library/Developer/CommandLineTools/usr/bin/../include/c++/v1
 /usr/local/include
 /Library/Developer/CommandLineTools/usr/bin/../lib/clang/8.0.0/include
 /Library/Developer/CommandLineTools/usr/include
 /usr/include
 /System/Library/Frameworks (framework directory)
 /Library/Frameworks (framework directory)
End of search list.
In file included from block_index_test.cpp:1:
In file included from ./../src/db/block_index.h:5:
./../src/db/block.h:46:15: error: use of undeclared identifier 'test'
        friend class test::BlockTest;
                     ^
In file included from block_index_test.cpp:1:
./../src/db/block_index.h:18:15: error: use of undeclared identifier 'test'
        friend class test::BlockIndexTest;
                     ^
block_index_test.cpp:26:26: error: 'index_' is a private member of 'db::BlockIndex'
                for(auto elem : bindex.index_ ){
                                       ^
./../src/db/block_index.h:32:25: note: declared private here
        std::vector<IndexType> index_;                  
                               ^
3 errors generated.
 "/Library/Developer/CommandLineTools/usr/bin/clang" -cc1 -triple x86_64-apple-macosx10.12.0 -Wdeprecated-objc-isa-usage -Werror=deprecated-objc-isa-usage -emit-obj -mrelax-all -disable-free -disable-llvm-verifier -discard-value-names -main-file-name block_index.cpp -mrelocation-model pic -pic-level 2 -mthread-model posix -mdisable-fp-elim -masm-verbose -munwind-tables -target-cpu penryn -target-linker-version 274.2 -v -dwarf-column-info -debug-info-kind=standalone -dwarf-version=2 -debugger-tuning=lldb -resource-dir /Library/Developer/CommandLineTools/usr/bin/../lib/clang/8.0.0 -D NDEBUG -I /Users/jiangwei/include -stdlib=libc++ -std=c++11 -fdeprecated-macro -fdebug-compilation-dir /Users/jiangwei/Workspace/cayley-backend/test -ferror-limit 19 -fmessage-length 0 -stack-protector 1 -fblocks -fobjc-runtime=macosx-10.12.0 -fencode-extended-block-signature -fcxx-exceptions -fexceptions -fmax-type-align=16 -fdiagnostics-show-option -o /var/folders/vz/f6lm0vg96_jfz_tvznnl1byr0000gn/T/block_index-b3ba02.o -x c++ ../src/db/block_index.cpp
clang -cc1 version 8.0.0 (clang-800.0.42.1) default target x86_64-apple-darwin16.4.0
ignoring nonexistent directory "/usr/include/c++/v1"
#include "..." search starts here:
#include <...> search starts here:
 /Users/jiangwei/include
 /Library/Developer/CommandLineTools/usr/bin/../include/c++/v1
 /usr/local/include
 /Library/Developer/CommandLineTools/usr/bin/../lib/clang/8.0.0/include
 /Library/Developer/CommandLineTools/usr/include
 /usr/include
 /System/Library/Frameworks (framework directory)
 /Library/Frameworks (framework directory)
End of search list.
In file included from ../src/db/block_index.cpp:1:
In file included from ../src/db/block_index.h:5:
../src/db/block.h:46:15: error: use of undeclared identifier 'test'
        friend class test::BlockTest;
                     ^
In file included from ../src/db/block_index.cpp:1:
../src/db/block_index.h:18:15: error: use of undeclared identifier 'test'
        friend class test::BlockIndexTest;
                     ^
../src/db/block_index.cpp:46:29: error: 'block_id_' is a private member of 'db::BlockHeader'
        block_id_ = p_blockheader->block_id_;
                                   ^
../src/db/block.h:31:11: note: declared private here
        uint64_t block_id_; //block_id in group
                 ^
../src/db/block_index.cpp:47:36: error: 'row_start_index_' is a private member of 'db::BlockHeader'
        row_start_index_ = p_blockheader->row_start_index_;
                                          ^
../src/db/block.h:32:11: note: declared private here
        uint64_t row_start_index_; //row start index of this block in global
                 ^
../src/db/block_index.cpp:48:30: error: 'row_count_' is a private member of 'db::BlockHeader'
        row_count_ = p_blockheader->row_count_;
                                    ^
../src/db/block.h:33:11: note: declared private here
        uint64_t row_count_; // row count in this block
                 ^
5 errors generated.
 "/Library/Developer/CommandLineTools/usr/bin/clang" -cc1 -triple x86_64-apple-macosx10.12.0 -Wdeprecated-objc-isa-usage -Werror=deprecated-objc-isa-usage -emit-obj -mrelax-all -disable-free -disable-llvm-verifier -discard-value-names -main-file-name block.cpp -mrelocation-model pic -pic-level 2 -mthread-model posix -mdisable-fp-elim -masm-verbose -munwind-tables -target-cpu penryn -target-linker-version 274.2 -v -dwarf-column-info -debug-info-kind=standalone -dwarf-version=2 -debugger-tuning=lldb -resource-dir /Library/Developer/CommandLineTools/usr/bin/../lib/clang/8.0.0 -D NDEBUG -I /Users/jiangwei/include -stdlib=libc++ -std=c++11 -fdeprecated-macro -fdebug-compilation-dir /Users/jiangwei/Workspace/cayley-backend/test -ferror-limit 19 -fmessage-length 0 -stack-protector 1 -fblocks -fobjc-runtime=macosx-10.12.0 -fencode-extended-block-signature -fcxx-exceptions -fexceptions -fmax-type-align=16 -fdiagnostics-show-option -o /var/folders/vz/f6lm0vg96_jfz_tvznnl1byr0000gn/T/block-9598e4.o -x c++ ../src/db/block.cpp
clang -cc1 version 8.0.0 (clang-800.0.42.1) default target x86_64-apple-darwin16.4.0
ignoring nonexistent directory "/usr/include/c++/v1"
#include "..." search starts here:
#include <...> search starts here:
 /Users/jiangwei/include
 /Library/Developer/CommandLineTools/usr/bin/../include/c++/v1
 /usr/local/include
 /Library/Developer/CommandLineTools/usr/bin/../lib/clang/8.0.0/include
 /Library/Developer/CommandLineTools/usr/include
 /usr/include
 /System/Library/Frameworks (framework directory)
 /Library/Frameworks (framework directory)
End of search list.
In file included from ../src/db/block.cpp:1:
../src/db/block.h:46:15: error: use of undeclared identifier 'test'
        friend class test::BlockTest;
                     ^
../src/db/block.cpp:50:11: error: 'row_count' is a private member of 'db::Block'
        p_block->row_count(offset_list.size());
        ~~~~~~~~~^~~~~~~~~
../src/db/block.h:64:7: note: declared private here
        void row_count(uint64_t row_count) { block_header_.row_count_ = row_count; }            
             ^
../src/db/block.cpp:71:20: warning: format specifies type 'int' but the argument has type 'long long' [-Wformat]
        LOG("file len %d",len); 
                      ~~  ^~~
                      %lld
../src/db/../utils/tiny_log.hpp:8:17: note: expanded from macro 'LOG'
        fprintf(stderr,__VA_ARGS__); \
                       ^~~~~~~~~~~
1 warning and 2 errors generated.
Apple LLVM version 8.0.0 (clang-800.0.42.1)
Target: x86_64-apple-darwin16.4.0
Thread model: posix
InstalledDir: /Library/Developer/CommandLineTools/usr/bin
 "/Library/Developer/CommandLineTools/usr/bin/clang" -cc1 -triple x86_64-apple-macosx10.12.0 -Wdeprecated-objc-isa-usage -Werror=deprecated-objc-isa-usage -emit-obj -mrelax-all -disable-free -disable-llvm-verifier -discard-value-names -main-file-name root_table_test.cpp -mrelocation-model pic -pic-level 2 -mthread-model posix -mdisable-fp-elim -masm-verbose -munwind-tables -target-cpu penryn -target-linker-version 274.2 -v -dwarf-column-info -debug-info-kind=standalone -dwarf-version=2 -debugger-tuning=lldb -resource-dir /Library/Developer/CommandLineTools/usr/bin/../lib/clang/8.0.0 -D NDEBUG -I /Users/jiangwei/include -stdlib=libc++ -std=c++11 -fdeprecated-macro -fdebug-compilation-dir /Users/jiangwei/Workspace/cayley-backend/test -ferror-limit 19 -fmessage-length 0 -stack-protector 1 -fblocks -fobjc-runtime=macosx-10.12.0 -fencode-extended-block-signature -fcxx-exceptions -fexceptions -fmax-type-align=16 -fdiagnostics-show-option -o /var/folders/vz/f6lm0vg96_jfz_tvznnl1byr0000gn/T/root_table_test-06e8b7.o -x c++ root_table_test.cpp
clang -cc1 version 8.0.0 (clang-800.0.42.1) default target x86_64-apple-darwin16.4.0
ignoring nonexistent directory "/usr/include/c++/v1"
#include "..." search starts here:
#include <...> search starts here:
 /Users/jiangwei/include
 /Library/Developer/CommandLineTools/usr/bin/../include/c++/v1
 /usr/local/include
 /Library/Developer/CommandLineTools/usr/bin/../lib/clang/8.0.0/include
 /Library/Developer/CommandLineTools/usr/include
 /usr/include
 /System/Library/Frameworks (framework directory)
 /Library/Frameworks (framework directory)
End of search list.
In file included from root_table_test.cpp:1:
In file included from ./../src/db/root_table.h:4:
In file included from ./../src/db/block_index.h:5:
./../src/db/block.h:46:15: error: use of undeclared identifier 'test'
        friend class test::BlockTest;
                     ^
In file included from root_table_test.cpp:1:
In file included from ./../src/db/root_table.h:4:
./../src/db/block_index.h:18:15: error: use of undeclared identifier 'test'
        friend class test::BlockIndexTest;
                     ^
In file included from root_table_test.cpp:1:
./../src/db/root_table.h:33:15: error: use of undeclared identifier 'test'
        friend class test::RootTableTest;
                     ^
root_table_test.cpp:13:11: error: 'block_offset_list_' is a private member of 'db::RootTable'
                        rtable.block_offset_list_.push_back(i);
                               ^
./../src/db/root_table.h:44:24: note: declared private here
        std::vector<uint64_t> block_offset_list_;
                              ^
root_table_test.cpp:19:27: error: 'block_offset_list_' is a private member of 'db::RootTable'
                for(auto elem : rtable2.block_offset_list_){
                                        ^
./../src/db/root_table.h:44:24: note: declared private here
        std::vector<uint64_t> block_offset_list_;
                              ^
5 errors generated.
 "/Library/Developer/CommandLineTools/usr/bin/clang" -cc1 -triple x86_64-apple-macosx10.12.0 -Wdeprecated-objc-isa-usage -Werror=deprecated-objc-isa-usage -emit-obj -mrelax-all -disable-free -disable-llvm-verifier -discard-value-names -main-file-name root_table.cpp -mrelocation-model pic -pic-level 2 -mthread-model posix -mdisable-fp-elim -masm-verbose -munwind-tables -target-cpu penryn -target-linker-version 274.2 -v -dwarf-column-info -debug-info-kind=standalone -dwarf-version=2 -debugger-tuning=lldb -resource-dir /Library/Developer/CommandLineTools/usr/bin/../lib/clang/8.0.0 -D NDEBUG -I /Users/jiangwei/include -stdlib=libc++ -std=c++11 -fdeprecated-macro -fdebug-compilation-dir /Users/jiangwei/Workspace/cayley-backend/test -ferror-limit 19 -fmessage-length 0 -stack-protector 1 -fblocks -fobjc-runtime=macosx-10.12.0 -fencode-extended-block-signature -fcxx-exceptions -fexceptions -fmax-type-align=16 -fdiagnostics-show-option -o /var/folders/vz/f6lm0vg96_jfz_tvznnl1byr0000gn/T/root_table-168dda.o -x c++ ../src/db/root_table.cpp
clang -cc1 version 8.0.0 (clang-800.0.42.1) default target x86_64-apple-darwin16.4.0
ignoring nonexistent directory "/usr/include/c++/v1"
#include "..." search starts here:
#include <...> search starts here:
 /Users/jiangwei/include
 /Library/Developer/CommandLineTools/usr/bin/../include/c++/v1
 /usr/local/include
 /Library/Developer/CommandLineTools/usr/bin/../lib/clang/8.0.0/include
 /Library/Developer/CommandLineTools/usr/include
 /usr/include
 /System/Library/Frameworks (framework directory)
 /Library/Frameworks (framework directory)
End of search list.
In file included from ../src/db/root_table.cpp:1:
In file included from ../src/db/root_table.h:4:
In file included from ../src/db/block_index.h:5:
../src/db/block.h:46:15: error: use of undeclared identifier 'test'
        friend class test::BlockTest;
                     ^
In file included from ../src/db/root_table.cpp:1:
In file included from ../src/db/root_table.h:4:
../src/db/block_index.h:18:15: error: use of undeclared identifier 'test'
        friend class test::BlockIndexTest;
                     ^
In file included from ../src/db/root_table.cpp:1:
../src/db/root_table.h:33:15: error: use of undeclared identifier 'test'
        friend class test::RootTableTest;
                     ^
3 errors generated.
Apple LLVM version 8.0.0 (clang-800.0.42.1)
Target: x86_64-apple-darwin16.4.0
Thread model: posix
InstalledDir: /Library/Developer/CommandLineTools/usr/bin
 "/Library/Developer/CommandLineTools/usr/bin/clang" -cc1 -triple x86_64-apple-macosx10.12.0 -Wdeprecated-objc-isa-usage -Werror=deprecated-objc-isa-usage -emit-obj -mrelax-all -disable-free -disable-llvm-verifier -discard-value-names -main-file-name block_data_seeker_test.cpp -mrelocation-model pic -pic-level 2 -mthread-model posix -mdisable-fp-elim -masm-verbose -munwind-tables -target-cpu penryn -target-linker-version 274.2 -v -dwarf-column-info -debug-info-kind=standalone -dwarf-version=2 -debugger-tuning=lldb -resource-dir /Library/Developer/CommandLineTools/usr/bin/../lib/clang/8.0.0 -D NDEBUG -I /Users/jiangwei/include -stdlib=libc++ -std=c++11 -fdeprecated-macro -fdebug-compilation-dir /Users/jiangwei/Workspace/cayley-backend/test -ferror-limit 19 -fmessage-length 0 -stack-protector 1 -fblocks -fobjc-runtime=macosx-10.12.0 -fencode-extended-block-signature -fcxx-exceptions -fexceptions -fmax-type-align=16 -fdiagnostics-show-option -o /var/folders/vz/f6lm0vg96_jfz_tvznnl1byr0000gn/T/block_data_seeker_test-a707d1.o -x c++ block_data_seeker_test.cpp
clang -cc1 version 8.0.0 (clang-800.0.42.1) default target x86_64-apple-darwin16.4.0
ignoring nonexistent directory "/usr/include/c++/v1"
#include "..." search starts here:
#include <...> search starts here:
 /Users/jiangwei/include
 /Library/Developer/CommandLineTools/usr/bin/../include/c++/v1
 /usr/local/include
 /Library/Developer/CommandLineTools/usr/bin/../lib/clang/8.0.0/include
 /Library/Developer/CommandLineTools/usr/include
 /usr/include
 /System/Library/Frameworks (framework directory)
 /Library/Frameworks (framework directory)
End of search list.
In file included from block_data_seeker_test.cpp:1:
In file included from ./../src/db/block_data_seeker.h:4:
./../src/db/block.h:46:15: error: use of undeclared identifier 'test'
        friend class test::BlockTest;
                     ^
1 error generated.
 "/Library/Developer/CommandLineTools/usr/bin/clang" -cc1 -triple x86_64-apple-macosx10.12.0 -Wdeprecated-objc-isa-usage -Werror=deprecated-objc-isa-usage -emit-obj -mrelax-all -disable-free -disable-llvm-verifier -discard-value-names -main-file-name block.cpp -mrelocation-model pic -pic-level 2 -mthread-model posix -mdisable-fp-elim -masm-verbose -munwind-tables -target-cpu penryn -target-linker-version 274.2 -v -dwarf-column-info -debug-info-kind=standalone -dwarf-version=2 -debugger-tuning=lldb -resource-dir /Library/Developer/CommandLineTools/usr/bin/../lib/clang/8.0.0 -D NDEBUG -I /Users/jiangwei/include -stdlib=libc++ -std=c++11 -fdeprecated-macro -fdebug-compilation-dir /Users/jiangwei/Workspace/cayley-backend/test -ferror-limit 19 -fmessage-length 0 -stack-protector 1 -fblocks -fobjc-runtime=macosx-10.12.0 -fencode-extended-block-signature -fcxx-exceptions -fexceptions -fmax-type-align=16 -fdiagnostics-show-option -o /var/folders/vz/f6lm0vg96_jfz_tvznnl1byr0000gn/T/block-3b628b.o -x c++ ../src/db/block.cpp
clang -cc1 version 8.0.0 (clang-800.0.42.1) default target x86_64-apple-darwin16.4.0
ignoring nonexistent directory "/usr/include/c++/v1"
#include "..." search starts here:
#include <...> search starts here:
 /Users/jiangwei/include
 /Library/Developer/CommandLineTools/usr/bin/../include/c++/v1
 /usr/local/include
 /Library/Developer/CommandLineTools/usr/bin/../lib/clang/8.0.0/include
 /Library/Developer/CommandLineTools/usr/include
 /usr/include
 /System/Library/Frameworks (framework directory)
 /Library/Frameworks (framework directory)
End of search list.
In file included from ../src/db/block.cpp:1:
../src/db/block.h:46:15: error: use of undeclared identifier 'test'
        friend class test::BlockTest;
                     ^
../src/db/block.cpp:50:11: error: 'row_count' is a private member of 'db::Block'
        p_block->row_count(offset_list.size());
        ~~~~~~~~~^~~~~~~~~
../src/db/block.h:64:7: note: declared private here
        void row_count(uint64_t row_count) { block_header_.row_count_ = row_count; }            
             ^
../src/db/block.cpp:71:20: warning: format specifies type 'int' but the argument has type 'long long' [-Wformat]
        LOG("file len %d",len); 
                      ~~  ^~~
                      %lld
../src/db/../utils/tiny_log.hpp:8:17: note: expanded from macro 'LOG'
        fprintf(stderr,__VA_ARGS__); \
                       ^~~~~~~~~~~
1 warning and 2 errors generated.
 "/Library/Developer/CommandLineTools/usr/bin/clang" -cc1 -triple x86_64-apple-macosx10.12.0 -Wdeprecated-objc-isa-usage -Werror=deprecated-objc-isa-usage -emit-obj -mrelax-all -disable-free -disable-llvm-verifier -discard-value-names -main-file-name triple.cpp -mrelocation-model pic -pic-level 2 -mthread-model posix -mdisable-fp-elim -masm-verbose -munwind-tables -target-cpu penryn -target-linker-version 274.2 -v -dwarf-column-info -debug-info-kind=standalone -dwarf-version=2 -debugger-tuning=lldb -resource-dir /Library/Developer/CommandLineTools/usr/bin/../lib/clang/8.0.0 -D NDEBUG -I /Users/jiangwei/include -stdlib=libc++ -std=c++11 -fdeprecated-macro -fdebug-compilation-dir /Users/jiangwei/Workspace/cayley-backend/test -ferror-limit 19 -fmessage-length 0 -stack-protector 1 -fblocks -fobjc-runtime=macosx-10.12.0 -fencode-extended-block-signature -fcxx-exceptions -fexceptions -fmax-type-align=16 -fdiagnostics-show-option -o /var/folders/vz/f6lm0vg96_jfz_tvznnl1byr0000gn/T/triple-da6dd4.o -x c++ ../src/core/triple.cpp
clang -cc1 version 8.0.0 (clang-800.0.42.1) default target x86_64-apple-darwin16.4.0
ignoring nonexistent directory "/usr/include/c++/v1"
#include "..." search starts here:
#include <...> search starts here:
 /Users/jiangwei/include
 /Library/Developer/CommandLineTools/usr/bin/../include/c++/v1
 /usr/local/include
 /Library/Developer/CommandLineTools/usr/bin/../lib/clang/8.0.0/include
 /Library/Developer/CommandLineTools/usr/include
 /usr/include
 /System/Library/Frameworks (framework directory)
 /Library/Frameworks (framework directory)
End of search list.
 "/Library/Developer/CommandLineTools/usr/bin/clang" -cc1 -triple x86_64-apple-macosx10.12.0 -Wdeprecated-objc-isa-usage -Werror=deprecated-objc-isa-usage -emit-obj -mrelax-all -disable-free -disable-llvm-verifier -discard-value-names -main-file-name block_data_seeker.cpp -mrelocation-model pic -pic-level 2 -mthread-model posix -mdisable-fp-elim -masm-verbose -munwind-tables -target-cpu penryn -target-linker-version 274.2 -v -dwarf-column-info -debug-info-kind=standalone -dwarf-version=2 -debugger-tuning=lldb -resource-dir /Library/Developer/CommandLineTools/usr/bin/../lib/clang/8.0.0 -D NDEBUG -I /Users/jiangwei/include -stdlib=libc++ -std=c++11 -fdeprecated-macro -fdebug-compilation-dir /Users/jiangwei/Workspace/cayley-backend/test -ferror-limit 19 -fmessage-length 0 -stack-protector 1 -fblocks -fobjc-runtime=macosx-10.12.0 -fencode-extended-block-signature -fcxx-exceptions -fexceptions -fmax-type-align=16 -fdiagnostics-show-option -o /var/folders/vz/f6lm0vg96_jfz_tvznnl1byr0000gn/T/block_data_seeker-f6b336.o -x c++ ../src/db/block_data_seeker.cpp
clang -cc1 version 8.0.0 (clang-800.0.42.1) default target x86_64-apple-darwin16.4.0
ignoring nonexistent directory "/usr/include/c++/v1"
#include "..." search starts here:
#include <...> search starts here:
 /Users/jiangwei/include
 /Library/Developer/CommandLineTools/usr/bin/../include/c++/v1
 /usr/local/include
 /Library/Developer/CommandLineTools/usr/bin/../lib/clang/8.0.0/include
 /Library/Developer/CommandLineTools/usr/include
 /usr/include
 /System/Library/Frameworks (framework directory)
 /Library/Frameworks (framework directory)
End of search list.
In file included from ../src/db/block_data_seeker.cpp:1:
In file included from ../src/db/block_data_seeker.h:4:
../src/db/block.h:46:15: error: use of undeclared identifier 'test'
        friend class test::BlockTest;
                     ^
1 error generated.
